==============================================================================
Suites                                                                        
==============================================================================
Suites.Datadriven1 :: Simple example using SeleniumLibrary.                   
==============================================================================
right user empty password                                             | PASS |
------------------------------------------------------------------------------
right user wrong password                                             | PASS |
------------------------------------------------------------------------------
wrong user and right password                                         | PASS |
------------------------------------------------------------------------------
wrong user and empty password                                         | PASS |
------------------------------------------------------------------------------
wrong user and wrong password                                         | PASS |
------------------------------------------------------------------------------
Suites.Datadriven1 :: Simple example using SeleniumLibrary.           | PASS |
5 tests, 5 passed, 0 failed
==============================================================================
Suites                                                                | PASS |
5 tests, 5 passed, 0 failed
==============================================================================
Output:  C:\Users\pradn\PycharmProjects\robotui\pabot_results\0\output.xml
